# JRE version: Java(TM) SE Runtime Environment (8.0_121-b13) (build 1.8.0_121-b13)
# Java VM: Java HotSpot(TM) 64-Bit Server VM (25.121-b13 mixed mode windows-amd64 compressed oops)
Heap:
 PSYoungGen      total 310272K, used 165450K [0x00000000d5e00000, 0x00000000f0c80000, 0x0000000100000000)
  eden space 281600K, 58% used [0x00000000d5e00000,0x00000000dff92948,0x00000000e7100000)
  from space 28672K, 0% used [0x00000000e7100000,0x00000000e7100000,0x00000000e8d00000)
  to   space 28160K, 0% used [0x00000000ef100000,0x00000000ef100000,0x00000000f0c80000)
 ParOldGen       total 136192K, used 52433K [0x0000000081a00000, 0x0000000089f00000, 0x00000000d5e00000)
  object space 136192K, 38% used [0x0000000081a00000,0x0000000084d34410,0x0000000089f00000)
 Metaspace       used 62786K, capacity 65892K, committed 66176K, reserved 1105920K
  class space    used 8194K, capacity 8727K, committed 8832K, reserved 1048576K
GC Heap History (10 events):
Event: 5.135 GC heap before
{Heap before GC invocations=10 (full 2):
 PSYoungGen      total 218624K, used 12286K [0x00000000d5e00000, 0x00000000e5600000, 0x0000000100000000)
  eden space 206336K, 0% used [0x00000000d5e00000,0x00000000d5e00000,0x00000000e2780000)
  from space 12288K, 99% used [0x00000000e3680000,0x00000000e427f8d0,0x00000000e4280000)
  to   space 15360K, 0% used [0x00000000e2780000,0x00000000e2780000,0x00000000e3680000)
 ParOldGen       total 49152K, used 13630K [0x0000000081a00000, 0x0000000084a00000, 0x00000000d5e00000)
  object space 49152K, 27% used [0x0000000081a00000,0x000000008274fab0,0x0000000084a00000)
 Metaspace       used 33826K, capacity 35416K, committed 35496K, reserved 1079296K
  class space    used 4471K, capacity 4792K, committed 4864K, reserved 1048576K
Event: 5.191 GC heap after
Heap after GC invocations=10 (full 2):
 PSYoungGen      total 218624K, used 0K [0x00000000d5e00000, 0x00000000e5600000, 0x0000000100000000)
  eden space 206336K, 0% used [0x00000000d5e00000,0x00000000d5e00000,0x00000000e2780000)
  from space 12288K, 0% used [0x00000000e3680000,0x00000000e3680000,0x00000000e4280000)
  to   space 15360K, 0% used [0x00000000e2780000,0x00000000e2780000,0x00000000e3680000)
 ParOldGen       total 78848K, used 21252K [0x0000000081a00000, 0x0000000086700000, 0x00000000d5e00000)
  object space 78848K, 26% used [0x0000000081a00000,0x0000000082ec1100,0x0000000086700000)
 Metaspace       used 33826K, capacity 35416K, committed 35496K, reserved 1079296K
  class space    used 4471K, capacity 4792K, committed 4864K, reserved 1048576K
}
Event: 6.937 GC heap before
{Heap before GC invocations=11 (full 2):
 PSYoungGen      total 218624K, used 206336K [0x00000000d5e00000, 0x00000000e5600000, 0x0000000100000000)
  eden space 206336K, 100% used [0x00000000d5e00000,0x00000000e2780000,0x00000000e2780000)
  from space 12288K, 0% used [0x00000000e3680000,0x00000000e3680000,0x00000000e4280000)
  to   space 15360K, 0% used [0x00000000e2780000,0x00000000e2780000,0x00000000e3680000)
 ParOldGen       total 78848K, used 21252K [0x0000000081a00000, 0x0000000086700000, 0x00000000d5e00000)
  object space 78848K, 26% used [0x0000000081a00000,0x0000000082ec1100,0x0000000086700000)
 Metaspace       used 44761K, capacity 46652K, committed 46976K, reserved 1089536K
  class space    used 5822K, capacity 6222K, committed 6272K, reserved 1048576K
Event: 6.957 GC heap after
Heap after GC invocations=11 (full 2):
 PSYoungGen      total 221696K, used 15352K [0x00000000d5e00000, 0x00000000ea400000, 0x0000000100000000)
  eden space 206336K, 0% used [0x00000000d5e00000,0x00000000d5e00000,0x00000000e2780000)
  from space 15360K, 99% used [0x00000000e2780000,0x00000000e367e030,0x00000000e3680000)
  to   space 23552K, 0% used [0x00000000e8d00000,0x00000000e8d00000,0x00000000ea400000)
 ParOldGen       total 78848K, used 35759K [0x0000000081a00000, 0x0000000086700000, 0x00000000d5e00000)
  object space 78848K, 45% used [0x0000000081a00000,0x0000000083cebd58,0x0000000086700000)
 Metaspace       used 44761K, capacity 46652K, committed 46976K, reserved 1089536K
  class space    used 5822K, capacity 6222K, committed 6272K, reserved 1048576K
}
Event: 8.869 GC heap before
{Heap before GC invocations=12 (full 2):
 PSYoungGen      total 221696K, used 221688K [0x00000000d5e00000, 0x00000000ea400000, 0x0000000100000000)
  eden space 206336K, 100% used [0x00000000d5e00000,0x00000000e2780000,0x00000000e2780000)
  from space 15360K, 99% used [0x00000000e2780000,0x00000000e367e030,0x00000000e3680000)
  to   space 23552K, 0% used [0x00000000e8d00000,0x00000000e8d00000,0x00000000ea400000)
 ParOldGen       total 78848K, used 35759K [0x0000000081a00000, 0x0000000086700000, 0x00000000d5e00000)
  object space 78848K, 45% used [0x0000000081a00000,0x0000000083cebd58,0x0000000086700000)
 Metaspace       used 53305K, capacity 55532K, committed 55680K, reserved 1097728K
  class space    used 6870K, capacity 7278K, committed 7296K, reserved 1048576K
Event: 8.893 GC heap after
Heap after GC invocations=12 (full 2):
 PSYoungGen      total 305152K, used 23528K [0x00000000d5e00000, 0x00000000ea900000, 0x0000000100000000)
  eden space 281600K, 0% used [0x00000000d5e00000,0x00000000d5e00000,0x00000000e7100000)
  from space 23552K, 99% used [0x00000000e8d00000,0x00000000ea3fa1a0,0x00000000ea400000)
  to   space 28672K, 0% used [0x00000000e7100000,0x00000000e7100000,0x00000000e8d00000)
 ParOldGen       total 78848K, used 40975K [0x0000000081a00000, 0x0000000086700000, 0x00000000d5e00000)
  object space 78848K, 51% used [0x0000000081a00000,0x0000000084203c38,0x0000000086700000)
 Metaspace       used 53305K, capacity 55532K, committed 55680K, reserved 1097728K
  class space    used 6870K, capacity 7278K, committed 7296K, reserved 1048576K
}
Event: 9.735 GC heap before
{Heap before GC invocations=13 (full 2):
 PSYoungGen      total 305152K, used 133997K [0x00000000d5e00000, 0x00000000ea900000, 0x0000000100000000)
  eden space 281600K, 39% used [0x00000000d5e00000,0x00000000dc9e14d0,0x00000000e7100000)
  from space 23552K, 99% used [0x00000000e8d00000,0x00000000ea3fa1a0,0x00000000ea400000)
  to   space 28672K, 0% used [0x00000000e7100000,0x00000000e7100000,0x00000000e8d00000)
 ParOldGen       total 78848K, used 40975K [0x0000000081a00000, 0x0000000086700000, 0x00000000d5e00000)
  object space 78848K, 51% used [0x0000000081a00000,0x0000000084203c38,0x0000000086700000)
 Metaspace       used 56372K, capacity 59036K, committed 59160K, reserved 1101824K
  class space    used 7324K, capacity 7783K, committed 7808K, reserved 1048576K
Event: 9.758 GC heap after
Heap after GC invocations=13 (full 2):
 PSYoungGen      total 310272K, used 7973K [0x00000000d5e00000, 0x00000000f0c80000, 0x0000000100000000)
  eden space 281600K, 0% used [0x00000000d5e00000,0x00000000d5e00000,0x00000000e7100000)
  from space 28672K, 27% used [0x00000000e7100000,0x00000000e78c9578,0x00000000e8d00000)
  to   space 28160K, 0% used [0x00000000ef100000,0x00000000ef100000,0x00000000f0c80000)
 ParOldGen       total 78848K, used 63771K [0x0000000081a00000, 0x0000000086700000, 0x00000000d5e00000)
  object space 78848K, 80% used [0x0000000081a00000,0x0000000085846e68,0x0000000086700000)
 Metaspace       used 56372K, capacity 59036K, committed 59160K, reserved 1101824K
  class space    used 7324K, capacity 7783K, committed 7808K, reserved 1048576K
}
Event: 9.758 GC heap before
{Heap before GC invocations=14 (full 3):
 PSYoungGen      total 310272K, used 7973K [0x00000000d5e00000, 0x00000000f0c80000, 0x0000000100000000)
  eden space 281600K, 0% used [0x00000000d5e00000,0x00000000d5e00000,0x00000000e7100000)
  from space 28672K, 27% used [0x00000000e7100000,0x00000000e78c9578,0x00000000e8d00000)
  to   space 28160K, 0% used [0x00000000ef100000,0x00000000ef100000,0x00000000f0c80000)
 ParOldGen       total 78848K, used 63771K [0x0000000081a00000, 0x0000000086700000, 0x00000000d5e00000)
  object space 78848K, 80% used [0x0000000081a00000,0x0000000085846e68,0x0000000086700000)
 Metaspace       used 56372K, capacity 59036K, committed 59160K, reserved 1101824K
  class space    used 7324K, capacity 7783K, committed 7808K, reserved 1048576K
Event: 9.933 GC heap after
Heap after GC invocations=14 (full 3):
 PSYoungGen      total 310272K, used 0K [0x00000000d5e00000, 0x00000000f0c80000, 0x0000000100000000)
  eden space 281600K, 0% used [0x00000000d5e00000,0x00000000d5e00000,0x00000000e7100000)
  from space 28672K, 0% used [0x00000000e7100000,0x00000000e7100000,0x00000000e8d00000)
  to   space 28160K, 0% used [0x00000000ef100000,0x00000000ef100000,0x00000000f0c80000)
 ParOldGen       total 136192K, used 52433K [0x0000000081a00000, 0x0000000089f00000, 0x00000000d5e00000)
  object space 136192K, 38% used [0x0000000081a00000,0x0000000084d34410,0x0000000089f00000)
 Metaspace       used 56369K, capacity 59030K, committed 59160K, reserved 1101824K
  class space    used 7324K, capacity 7782K, committed 7808K, reserved 1048576K
}

